2024-05-08 09:32:01.244  INFO 16644 --- [restartedMain] c.h.u.UserMicroServiceApplication        : Starting UserMicroServiceApplication using Java 17.0.1 on LP-5CD134JB51 with PID 16644 (C:\JavaPractice\MicroServiceWS\UserMicroService\target\classes started by aaki.bhoomika in C:\JavaPractice\MicroServiceWS\UserMicroService)
2024-05-08 09:32:01.257  INFO 16644 --- [restartedMain] c.h.u.UserMicroServiceApplication        : No active profile set, falling back to 1 default profile: "default"
2024-05-08 09:32:01.315  INFO 16644 --- [restartedMain] o.s.c.c.c.ConfigServerConfigDataLoader   : Fetching config from server at : http://localhost:8081
2024-05-08 09:32:01.316  INFO 16644 --- [restartedMain] o.s.c.c.c.ConfigServerConfigDataLoader   : Located environment: name=user-ms, profiles=[default], label=null, version=null, state=null
2024-05-08 09:32:01.320  INFO 16644 --- [restartedMain] .e.DevToolsPropertyDefaultsPostProcessor : Devtools property defaults active! Set 'spring.devtools.add-properties' to 'false' to disable
2024-05-08 09:32:01.320  INFO 16644 --- [restartedMain] .e.DevToolsPropertyDefaultsPostProcessor : For additional web related logging consider setting the 'logging.level.web' property to 'DEBUG'
2024-05-08 09:32:02.982  INFO 16644 --- [restartedMain] .s.d.r.c.RepositoryConfigurationDelegate : Bootstrapping Spring Data JPA repositories in DEFAULT mode.
2024-05-08 09:32:03.181  INFO 16644 --- [restartedMain] .s.d.r.c.RepositoryConfigurationDelegate : Finished Spring Data repository scanning in 187 ms. Found 2 JPA repository interfaces.
2024-05-08 09:32:03.612  INFO 16644 --- [restartedMain] o.s.cloud.context.scope.GenericScope     : BeanFactory id=888d7869-bea9-3296-b74f-7f73b1e728c7
2024-05-08 09:32:04.649  INFO 16644 --- [restartedMain] o.s.b.w.embedded.tomcat.TomcatWebServer  : Tomcat initialized with port(s): 8084 (http)
2024-05-08 09:32:04.660  INFO 16644 --- [restartedMain] o.apache.catalina.core.StandardService   : Starting service [Tomcat]
2024-05-08 09:32:04.661  INFO 16644 --- [restartedMain] org.apache.catalina.core.StandardEngine  : Starting Servlet engine: [Apache Tomcat/9.0.70]
2024-05-08 09:32:05.363  INFO 16644 --- [restartedMain] o.a.c.c.C.[Tomcat].[localhost].[/]       : Initializing Spring embedded WebApplicationContext
2024-05-08 09:32:05.363  INFO 16644 --- [restartedMain] w.s.c.ServletWebServerApplicationContext : Root WebApplicationContext: initialization completed in 4042 ms
2024-05-08 09:32:05.537  INFO 16644 --- [restartedMain] com.zaxxer.hikari.HikariDataSource       : HikariPool-1 - Starting...
2024-05-08 09:32:05.872  INFO 16644 --- [restartedMain] com.zaxxer.hikari.HikariDataSource       : HikariPool-1 - Start completed.
2024-05-08 09:32:05.883  INFO 16644 --- [restartedMain] o.s.b.a.h2.H2ConsoleAutoConfiguration    : H2 console available at '/h2-console'. Database available at 'jdbc:mysql://localhost:3306/Share_ride_db'
2024-05-08 09:32:06.200  INFO 16644 --- [restartedMain] o.hibernate.jpa.internal.util.LogHelper  : HHH000204: Processing PersistenceUnitInfo [name: default]
2024-05-08 09:32:06.285  INFO 16644 --- [restartedMain] org.hibernate.Version                    : HHH000412: Hibernate ORM core version 5.6.14.Final
2024-05-08 09:32:06.488  INFO 16644 --- [restartedMain] o.hibernate.annotations.common.Version   : HCANN000001: Hibernate Commons Annotations {5.1.2.Final}
2024-05-08 09:32:06.635  INFO 16644 --- [restartedMain] org.hibernate.dialect.Dialect            : HHH000400: Using dialect: org.hibernate.dialect.MySQL8Dialect
2024-05-08 09:32:07.285  INFO 16644 --- [restartedMain] o.h.e.t.j.p.i.JtaPlatformInitiator       : HHH000490: Using JtaPlatform implementation: [org.hibernate.engine.transaction.jta.platform.internal.NoJtaPlatform]
2024-05-08 09:32:07.295  INFO 16644 --- [restartedMain] j.LocalContainerEntityManagerFactoryBean : Initialized JPA EntityManagerFactory for persistence unit 'default'
2024-05-08 09:32:07.363  WARN 16644 --- [restartedMain] JpaBaseConfiguration$JpaWebConfiguration : spring.jpa.open-in-view is enabled by default. Therefore, database queries may be performed during view rendering. Explicitly configure spring.jpa.open-in-view to disable this warning
2024-05-08 09:32:08.539  INFO 16644 --- [restartedMain] o.s.b.a.e.web.EndpointLinksResolver      : Exposing 17 endpoint(s) beneath base path '/actuator'
2024-05-08 09:32:08.780  WARN 16644 --- [restartedMain] o.s.s.c.a.web.builders.WebSecurity       : You are asking Spring Security to ignore Ant [pattern='/h2-console/**']. This is not recommended -- please use permitAll via HttpSecurity#authorizeHttpRequests instead.
2024-05-08 09:32:08.781  INFO 16644 --- [restartedMain] o.s.s.web.DefaultSecurityFilterChain     : Will not secure Ant [pattern='/h2-console/**']
2024-05-08 09:32:08.852  INFO 16644 --- [restartedMain] o.s.s.web.DefaultSecurityFilterChain     : Will secure any request with [org.springframework.security.web.session.DisableEncodeUrlFilter@2ffe3017, org.springframework.security.web.context.request.async.WebAsyncManagerIntegrationFilter@74f51ed, org.springframework.security.web.context.SecurityContextPersistenceFilter@2d5db9b8, org.springframework.security.web.header.HeaderWriterFilter@41db8f85, org.springframework.security.web.authentication.logout.LogoutFilter@3383472b, com.hcl.usermicroservice.filter.JwtFilter@6d38168e, org.springframework.security.web.savedrequest.RequestCacheAwareFilter@1ebcf6dc, org.springframework.security.web.servletapi.SecurityContextHolderAwareRequestFilter@646107e, org.springframework.security.web.authentication.AnonymousAuthenticationFilter@7dd95b49, org.springframework.security.web.session.SessionManagementFilter@5da76819, org.springframework.security.web.access.ExceptionTranslationFilter@2bd6aa6, org.springframework.security.web.access.intercept.FilterSecurityInterceptor@6fc8313c]
2024-05-08 09:32:09.187  WARN 16644 --- [restartedMain] o.s.b.d.a.OptionalLiveReloadServer       : Unable to start LiveReload server
2024-05-08 09:32:10.329  INFO 16644 --- [restartedMain] DiscoveryClientOptionalArgsConfiguration : Eureka HTTP Client uses RestTemplate.
2024-05-08 09:32:10.440  WARN 16644 --- [restartedMain] iguration$LoadBalancerCaffeineWarnLogger : Spring Cloud LoadBalancer is currently working with the default cache. While this cache implementation is useful for development and tests, it's recommended to use Caffeine cache in production.You can switch to using Caffeine cache, by adding it and org.springframework.cache.caffeine.CaffeineCacheManager to the classpath.
2024-05-08 09:32:10.610  INFO 16644 --- [restartedMain] o.s.c.n.eureka.InstanceInfoFactory       : Setting initial instance status as: STARTING
2024-05-08 09:32:10.687  INFO 16644 --- [restartedMain] com.netflix.discovery.DiscoveryClient    : Initializing Eureka in region us-east-1
2024-05-08 09:32:10.695  INFO 16644 --- [restartedMain] c.n.d.s.r.aws.ConfigClusterResolver      : Resolving eureka endpoints via configuration
2024-05-08 09:32:10.742  INFO 16644 --- [restartedMain] com.netflix.discovery.DiscoveryClient    : Disable delta property : false
2024-05-08 09:32:10.742  INFO 16644 --- [restartedMain] com.netflix.discovery.DiscoveryClient    : Single vip registry refresh property : null
2024-05-08 09:32:10.742  INFO 16644 --- [restartedMain] com.netflix.discovery.DiscoveryClient    : Force full registry fetch : false
2024-05-08 09:32:10.743  INFO 16644 --- [restartedMain] com.netflix.discovery.DiscoveryClient    : Application is null : false
2024-05-08 09:32:10.743  INFO 16644 --- [restartedMain] com.netflix.discovery.DiscoveryClient    : Registered Applications size is zero : true
2024-05-08 09:32:10.743  INFO 16644 --- [restartedMain] com.netflix.discovery.DiscoveryClient    : Application version is -1: true
2024-05-08 09:32:10.743  INFO 16644 --- [restartedMain] com.netflix.discovery.DiscoveryClient    : Getting all instance registry info from the eureka server
2024-05-08 09:32:11.085  INFO 16644 --- [restartedMain] com.netflix.discovery.DiscoveryClient    : The response status is 200
2024-05-08 09:32:11.102  INFO 16644 --- [restartedMain] com.netflix.discovery.DiscoveryClient    : Starting heartbeat executor: renew interval is: 30
2024-05-08 09:32:11.110  INFO 16644 --- [restartedMain] c.n.discovery.InstanceInfoReplicator     : InstanceInfoReplicator onDemand update allowed rate per min is 4
2024-05-08 09:32:11.119  INFO 16644 --- [restartedMain] com.netflix.discovery.DiscoveryClient    : Discovery Client initialized at timestamp 1715140931118 with initial instances count: 1
2024-05-08 09:32:11.123  INFO 16644 --- [restartedMain] o.s.c.n.e.s.EurekaServiceRegistry        : Registering application USER-MS with eureka with status UP
2024-05-08 09:32:11.125  INFO 16644 --- [restartedMain] com.netflix.discovery.DiscoveryClient    : Saw local status change event StatusChangeEvent [timestamp=1715140931125, current=UP, previous=STARTING]
2024-05-08 09:32:11.127  INFO 16644 --- [DiscoveryClient-InstanceInfoReplicator-0] com.netflix.discovery.DiscoveryClient    : DiscoveryClient_USER-MS/LP-5CD134JB51.HCLT.CORP.HCL.IN:user-ms:8084: registering service...
2024-05-08 09:32:11.222  INFO 16644 --- [DiscoveryClient-InstanceInfoReplicator-0] com.netflix.discovery.DiscoveryClient    : DiscoveryClient_USER-MS/LP-5CD134JB51.HCLT.CORP.HCL.IN:user-ms:8084 - registration status: 204
2024-05-08 09:32:11.233  INFO 16644 --- [restartedMain] o.s.b.w.embedded.tomcat.TomcatWebServer  : Tomcat started on port(s): 8084 (http) with context path ''
2024-05-08 09:32:11.235  INFO 16644 --- [restartedMain] .s.c.n.e.s.EurekaAutoServiceRegistration : Updating port to 8084
2024-05-08 09:32:12.073  INFO 16644 --- [restartedMain] c.h.u.UserMicroServiceApplication        : Started UserMicroServiceApplication in 12.122 seconds (JVM running for 14.459)
2024-05-08 09:32:47.490  INFO 16644 --- [http-nio-8084-exec-1] o.a.c.c.C.[Tomcat].[localhost].[/]       : Initializing Spring DispatcherServlet 'dispatcherServlet'
2024-05-08 09:32:47.490  INFO 16644 --- [http-nio-8084-exec-1] o.s.web.servlet.DispatcherServlet        : Initializing Servlet 'dispatcherServlet'
2024-05-08 09:32:47.493  INFO 16644 --- [http-nio-8084-exec-1] o.s.web.servlet.DispatcherServlet        : Completed initialization in 2 ms
2024-05-08 09:36:13.157  WARN 16644 --- [http-nio-8084-exec-5] .m.m.a.ExceptionHandlerExceptionResolver : Resolved [com.hcl.usermicroservice.exceptions.UserAlreadyExistOrNotException: User can't added through cloud because Already exist]
2024-05-08 09:36:29.392  INFO 16644 --- [http-nio-8084-exec-6] c.h.u.controller.UserController          : user11 Logged in successfully
2024-05-08 09:36:45.122  WARN 16644 --- [http-nio-8084-exec-4] o.a.c.util.SessionIdGeneratorBase        : Creation of SecureRandom instance for session ID generation using [SHA1PRNG] took [121] milliseconds.
2024-05-08 09:37:10.759  INFO 16644 --- [AsyncResolver-bootstrap-executor-0] c.n.d.s.r.aws.ConfigClusterResolver      : Resolving eureka endpoints via configuration
2024-05-08 09:37:28.420  INFO 16644 --- [http-nio-8084-exec-7] c.h.u.controller.UserController          : Vehicle Booking is Pending!!
2024-05-08 09:39:00.622  INFO 16644 --- [http-nio-8084-exec-3] c.h.u.controller.UserController          : Booking Cancelled Successfully
2024-05-08 09:42:10.734  INFO 16644 --- [AsyncResolver-bootstrap-executor-0] c.n.d.s.r.aws.ConfigClusterResolver      : Resolving eureka endpoints via configuration
2024-05-08 09:47:10.739  INFO 16644 --- [AsyncResolver-bootstrap-executor-0] c.n.d.s.r.aws.ConfigClusterResolver      : Resolving eureka endpoints via configuration
2024-05-08 09:52:10.752  INFO 16644 --- [AsyncResolver-bootstrap-executor-0] c.n.d.s.r.aws.ConfigClusterResolver      : Resolving eureka endpoints via configuration
2024-05-08 09:57:10.752  INFO 16644 --- [AsyncResolver-bootstrap-executor-0] c.n.d.s.r.aws.ConfigClusterResolver      : Resolving eureka endpoints via configuration
2024-05-08 10:02:10.765  INFO 16644 --- [AsyncResolver-bootstrap-executor-0] c.n.d.s.r.aws.ConfigClusterResolver      : Resolving eureka endpoints via configuration
2024-05-08 10:07:10.771  INFO 16644 --- [AsyncResolver-bootstrap-executor-0] c.n.d.s.r.aws.ConfigClusterResolver      : Resolving eureka endpoints via configuration
2024-05-08 10:12:10.774  INFO 16644 --- [AsyncResolver-bootstrap-executor-0] c.n.d.s.r.aws.ConfigClusterResolver      : Resolving eureka endpoints via configuration
2024-05-08 10:17:10.782  INFO 16644 --- [AsyncResolver-bootstrap-executor-0] c.n.d.s.r.aws.ConfigClusterResolver      : Resolving eureka endpoints via configuration
2024-05-08 10:22:10.794  INFO 16644 --- [AsyncResolver-bootstrap-executor-0] c.n.d.s.r.aws.ConfigClusterResolver      : Resolving eureka endpoints via configuration
2024-05-08 10:27:10.808  INFO 16644 --- [AsyncResolver-bootstrap-executor-0] c.n.d.s.r.aws.ConfigClusterResolver      : Resolving eureka endpoints via configuration
2024-05-08 10:32:10.807  INFO 16644 --- [AsyncResolver-bootstrap-executor-0] c.n.d.s.r.aws.ConfigClusterResolver      : Resolving eureka endpoints via configuration
2024-05-08 10:37:10.808  INFO 16644 --- [AsyncResolver-bootstrap-executor-0] c.n.d.s.r.aws.ConfigClusterResolver      : Resolving eureka endpoints via configuration
2024-05-08 10:42:10.819  INFO 16644 --- [AsyncResolver-bootstrap-executor-0] c.n.d.s.r.aws.ConfigClusterResolver      : Resolving eureka endpoints via configuration
2024-05-08 10:47:10.820  INFO 16644 --- [AsyncResolver-bootstrap-executor-0] c.n.d.s.r.aws.ConfigClusterResolver      : Resolving eureka endpoints via configuration
2024-05-08 10:52:10.828  INFO 16644 --- [AsyncResolver-bootstrap-executor-0] c.n.d.s.r.aws.ConfigClusterResolver      : Resolving eureka endpoints via configuration
2024-05-08 10:57:10.830  INFO 16644 --- [AsyncResolver-bootstrap-executor-0] c.n.d.s.r.aws.ConfigClusterResolver      : Resolving eureka endpoints via configuration
2024-05-08 11:02:10.838  INFO 16644 --- [AsyncResolver-bootstrap-executor-0] c.n.d.s.r.aws.ConfigClusterResolver      : Resolving eureka endpoints via configuration
2024-05-08 11:07:10.869  INFO 16644 --- [AsyncResolver-bootstrap-executor-0] c.n.d.s.r.aws.ConfigClusterResolver      : Resolving eureka endpoints via configuration
2024-05-08 11:12:10.895  INFO 16644 --- [AsyncResolver-bootstrap-executor-0] c.n.d.s.r.aws.ConfigClusterResolver      : Resolving eureka endpoints via configuration
2024-05-08 11:17:10.915  INFO 16644 --- [AsyncResolver-bootstrap-executor-0] c.n.d.s.r.aws.ConfigClusterResolver      : Resolving eureka endpoints via configuration
2024-05-08 11:22:10.932  INFO 16644 --- [AsyncResolver-bootstrap-executor-0] c.n.d.s.r.aws.ConfigClusterResolver      : Resolving eureka endpoints via configuration
2024-05-08 11:27:10.944  INFO 16644 --- [AsyncResolver-bootstrap-executor-0] c.n.d.s.r.aws.ConfigClusterResolver      : Resolving eureka endpoints via configuration
2024-05-08 11:32:10.955  INFO 16644 --- [AsyncResolver-bootstrap-executor-0] c.n.d.s.r.aws.ConfigClusterResolver      : Resolving eureka endpoints via configuration
2024-05-08 11:37:10.970  INFO 16644 --- [AsyncResolver-bootstrap-executor-0] c.n.d.s.r.aws.ConfigClusterResolver      : Resolving eureka endpoints via configuration
2024-05-08 11:42:10.974  INFO 16644 --- [AsyncResolver-bootstrap-executor-0] c.n.d.s.r.aws.ConfigClusterResolver      : Resolving eureka endpoints via configuration
2024-05-08 11:47:10.976  INFO 16644 --- [AsyncResolver-bootstrap-executor-0] c.n.d.s.r.aws.ConfigClusterResolver      : Resolving eureka endpoints via configuration
2024-05-08 11:52:10.988  INFO 16644 --- [AsyncResolver-bootstrap-executor-0] c.n.d.s.r.aws.ConfigClusterResolver      : Resolving eureka endpoints via configuration
2024-05-08 11:57:10.997  INFO 16644 --- [AsyncResolver-bootstrap-executor-0] c.n.d.s.r.aws.ConfigClusterResolver      : Resolving eureka endpoints via configuration
2024-05-08 12:02:11.000  INFO 16644 --- [AsyncResolver-bootstrap-executor-0] c.n.d.s.r.aws.ConfigClusterResolver      : Resolving eureka endpoints via configuration
2024-05-08 12:06:34.574  INFO 1268 --- [restartedMain] c.h.u.UserMicroServiceApplication        : Starting UserMicroServiceApplication using Java 17.0.1 on LP-5CD134JB51 with PID 1268 (C:\JavaPractice\MicroServiceWS\UserMicroService\target\classes started by aaki.bhoomika in C:\JavaPractice\MicroServiceWS\UserMicroService)
2024-05-08 12:06:34.577  INFO 1268 --- [restartedMain] c.h.u.UserMicroServiceApplication        : No active profile set, falling back to 1 default profile: "default"
2024-05-08 12:06:34.647  INFO 1268 --- [restartedMain] o.s.c.c.c.ConfigServerConfigDataLoader   : Fetching config from server at : http://localhost:8081
2024-05-08 12:06:34.647  INFO 1268 --- [restartedMain] o.s.c.c.c.ConfigServerConfigDataLoader   : Located environment: name=user-ms, profiles=[default], label=null, version=null, state=null
2024-05-08 12:06:34.651  INFO 1268 --- [restartedMain] .e.DevToolsPropertyDefaultsPostProcessor : Devtools property defaults active! Set 'spring.devtools.add-properties' to 'false' to disable
2024-05-08 12:06:34.651  INFO 1268 --- [restartedMain] .e.DevToolsPropertyDefaultsPostProcessor : For additional web related logging consider setting the 'logging.level.web' property to 'DEBUG'
2024-05-08 12:06:36.688  INFO 1268 --- [restartedMain] .s.d.r.c.RepositoryConfigurationDelegate : Bootstrapping Spring Data JPA repositories in DEFAULT mode.
2024-05-08 12:06:36.905  INFO 1268 --- [restartedMain] .s.d.r.c.RepositoryConfigurationDelegate : Finished Spring Data repository scanning in 205 ms. Found 2 JPA repository interfaces.
2024-05-08 12:06:37.371  INFO 1268 --- [restartedMain] o.s.cloud.context.scope.GenericScope     : BeanFactory id=888d7869-bea9-3296-b74f-7f73b1e728c7
2024-05-08 12:06:38.335  INFO 1268 --- [restartedMain] o.s.b.w.embedded.tomcat.TomcatWebServer  : Tomcat initialized with port(s): 8084 (http)
2024-05-08 12:06:38.349  INFO 1268 --- [restartedMain] o.apache.catalina.core.StandardService   : Starting service [Tomcat]
2024-05-08 12:06:38.350  INFO 1268 --- [restartedMain] org.apache.catalina.core.StandardEngine  : Starting Servlet engine: [Apache Tomcat/9.0.70]
2024-05-08 12:06:39.313  INFO 1268 --- [restartedMain] o.a.c.c.C.[Tomcat].[localhost].[/]       : Initializing Spring embedded WebApplicationContext
2024-05-08 12:06:39.313  INFO 1268 --- [restartedMain] w.s.c.ServletWebServerApplicationContext : Root WebApplicationContext: initialization completed in 4661 ms
2024-05-08 12:06:39.508  INFO 1268 --- [restartedMain] com.zaxxer.hikari.HikariDataSource       : HikariPool-1 - Starting...
2024-05-08 12:06:39.938  INFO 1268 --- [restartedMain] com.zaxxer.hikari.HikariDataSource       : HikariPool-1 - Start completed.
2024-05-08 12:06:39.951  INFO 1268 --- [restartedMain] o.s.b.a.h2.H2ConsoleAutoConfiguration    : H2 console available at '/h2-console'. Database available at 'jdbc:mysql://localhost:3306/Share_ride_db'
2024-05-08 12:06:40.307  INFO 1268 --- [restartedMain] o.hibernate.jpa.internal.util.LogHelper  : HHH000204: Processing PersistenceUnitInfo [name: default]
2024-05-08 12:06:40.399  INFO 1268 --- [restartedMain] org.hibernate.Version                    : HHH000412: Hibernate ORM core version 5.6.14.Final
2024-05-08 12:06:40.591  INFO 1268 --- [restartedMain] o.hibernate.annotations.common.Version   : HCANN000001: Hibernate Commons Annotations {5.1.2.Final}
2024-05-08 12:06:40.738  INFO 1268 --- [restartedMain] org.hibernate.dialect.Dialect            : HHH000400: Using dialect: org.hibernate.dialect.MySQL8Dialect
2024-05-08 12:06:41.631  INFO 1268 --- [restartedMain] o.h.e.t.j.p.i.JtaPlatformInitiator       : HHH000490: Using JtaPlatform implementation: [org.hibernate.engine.transaction.jta.platform.internal.NoJtaPlatform]
2024-05-08 12:06:41.642  INFO 1268 --- [restartedMain] j.LocalContainerEntityManagerFactoryBean : Initialized JPA EntityManagerFactory for persistence unit 'default'
2024-05-08 12:06:41.714  WARN 1268 --- [restartedMain] JpaBaseConfiguration$JpaWebConfiguration : spring.jpa.open-in-view is enabled by default. Therefore, database queries may be performed during view rendering. Explicitly configure spring.jpa.open-in-view to disable this warning
2024-05-08 12:06:43.180  INFO 1268 --- [restartedMain] o.s.b.a.e.web.EndpointLinksResolver      : Exposing 17 endpoint(s) beneath base path '/actuator'
2024-05-08 12:06:43.465  WARN 1268 --- [restartedMain] o.s.s.c.a.web.builders.WebSecurity       : You are asking Spring Security to ignore Ant [pattern='/h2-console/**']. This is not recommended -- please use permitAll via HttpSecurity#authorizeHttpRequests instead.
2024-05-08 12:06:43.466  INFO 1268 --- [restartedMain] o.s.s.web.DefaultSecurityFilterChain     : Will not secure Ant [pattern='/h2-console/**']
2024-05-08 12:06:43.532  INFO 1268 --- [restartedMain] o.s.s.web.DefaultSecurityFilterChain     : Will secure any request with [org.springframework.security.web.session.DisableEncodeUrlFilter@4fa15ee1, org.springframework.security.web.context.request.async.WebAsyncManagerIntegrationFilter@2e8fc1be, org.springframework.security.web.context.SecurityContextPersistenceFilter@59e43b91, org.springframework.security.web.header.HeaderWriterFilter@39ded5d7, org.springframework.security.web.authentication.logout.LogoutFilter@3bdc5807, com.hcl.usermicroservice.filter.JwtFilter@2f42f261, org.springframework.security.web.savedrequest.RequestCacheAwareFilter@649f9b8a, org.springframework.security.web.servletapi.SecurityContextHolderAwareRequestFilter@47e70fb9, org.springframework.security.web.authentication.AnonymousAuthenticationFilter@4dd4d05, org.springframework.security.web.session.SessionManagementFilter@52f219f8, org.springframework.security.web.access.ExceptionTranslationFilter@73004e1c, org.springframework.security.web.access.intercept.FilterSecurityInterceptor@2abcd809]
2024-05-08 12:06:43.700  WARN 1268 --- [restartedMain] o.s.b.d.a.OptionalLiveReloadServer       : Unable to start LiveReload server
2024-05-08 12:06:44.383  INFO 1268 --- [restartedMain] DiscoveryClientOptionalArgsConfiguration : Eureka HTTP Client uses RestTemplate.
2024-05-08 12:06:44.434  WARN 1268 --- [restartedMain] iguration$LoadBalancerCaffeineWarnLogger : Spring Cloud LoadBalancer is currently working with the default cache. While this cache implementation is useful for development and tests, it's recommended to use Caffeine cache in production.You can switch to using Caffeine cache, by adding it and org.springframework.cache.caffeine.CaffeineCacheManager to the classpath.
2024-05-08 12:06:44.554  INFO 1268 --- [restartedMain] o.s.c.n.eureka.InstanceInfoFactory       : Setting initial instance status as: STARTING
2024-05-08 12:06:44.613  INFO 1268 --- [restartedMain] com.netflix.discovery.DiscoveryClient    : Initializing Eureka in region us-east-1
2024-05-08 12:06:44.623  INFO 1268 --- [restartedMain] c.n.d.s.r.aws.ConfigClusterResolver      : Resolving eureka endpoints via configuration
2024-05-08 12:06:44.653  INFO 1268 --- [restartedMain] com.netflix.discovery.DiscoveryClient    : Disable delta property : false
2024-05-08 12:06:44.653  INFO 1268 --- [restartedMain] com.netflix.discovery.DiscoveryClient    : Single vip registry refresh property : null
2024-05-08 12:06:44.654  INFO 1268 --- [restartedMain] com.netflix.discovery.DiscoveryClient    : Force full registry fetch : false
2024-05-08 12:06:44.654  INFO 1268 --- [restartedMain] com.netflix.discovery.DiscoveryClient    : Application is null : false
2024-05-08 12:06:44.654  INFO 1268 --- [restartedMain] com.netflix.discovery.DiscoveryClient    : Registered Applications size is zero : true
2024-05-08 12:06:44.654  INFO 1268 --- [restartedMain] com.netflix.discovery.DiscoveryClient    : Application version is -1: true
2024-05-08 12:06:44.655  INFO 1268 --- [restartedMain] com.netflix.discovery.DiscoveryClient    : Getting all instance registry info from the eureka server
2024-05-08 12:06:44.845  INFO 1268 --- [restartedMain] com.netflix.discovery.DiscoveryClient    : The response status is 200
2024-05-08 12:06:44.849  INFO 1268 --- [restartedMain] com.netflix.discovery.DiscoveryClient    : Starting heartbeat executor: renew interval is: 30
2024-05-08 12:06:44.853  INFO 1268 --- [restartedMain] c.n.discovery.InstanceInfoReplicator     : InstanceInfoReplicator onDemand update allowed rate per min is 4
2024-05-08 12:06:44.858  INFO 1268 --- [restartedMain] com.netflix.discovery.DiscoveryClient    : Discovery Client initialized at timestamp 1715150204858 with initial instances count: 1
2024-05-08 12:06:44.860  INFO 1268 --- [restartedMain] o.s.c.n.e.s.EurekaServiceRegistry        : Registering application USER-MS with eureka with status UP
2024-05-08 12:06:44.861  INFO 1268 --- [restartedMain] com.netflix.discovery.DiscoveryClient    : Saw local status change event StatusChangeEvent [timestamp=1715150204861, current=UP, previous=STARTING]
2024-05-08 12:06:44.863  INFO 1268 --- [DiscoveryClient-InstanceInfoReplicator-0] com.netflix.discovery.DiscoveryClient    : DiscoveryClient_USER-MS/LP-5CD134JB51.HCLT.CORP.HCL.IN:user-ms:8084: registering service...
2024-05-08 12:06:44.919  INFO 1268 --- [DiscoveryClient-InstanceInfoReplicator-0] com.netflix.discovery.DiscoveryClient    : DiscoveryClient_USER-MS/LP-5CD134JB51.HCLT.CORP.HCL.IN:user-ms:8084 - registration status: 204
2024-05-08 12:06:44.931  INFO 1268 --- [restartedMain] o.s.b.w.embedded.tomcat.TomcatWebServer  : Tomcat started on port(s): 8084 (http) with context path ''
2024-05-08 12:06:44.932  INFO 1268 --- [restartedMain] .s.c.n.e.s.EurekaAutoServiceRegistration : Updating port to 8084
2024-05-08 12:06:45.371  INFO 1268 --- [restartedMain] c.h.u.UserMicroServiceApplication        : Started UserMicroServiceApplication in 13.015 seconds (JVM running for 17.096)
2024-05-08 12:11:44.661  INFO 1268 --- [AsyncResolver-bootstrap-executor-0] c.n.d.s.r.aws.ConfigClusterResolver      : Resolving eureka endpoints via configuration
2024-05-08 12:16:44.658  INFO 1268 --- [AsyncResolver-bootstrap-executor-0] c.n.d.s.r.aws.ConfigClusterResolver      : Resolving eureka endpoints via configuration
2024-05-08 12:21:44.658  INFO 1268 --- [AsyncResolver-bootstrap-executor-0] c.n.d.s.r.aws.ConfigClusterResolver      : Resolving eureka endpoints via configuration
2024-05-08 12:26:44.667  INFO 1268 --- [AsyncResolver-bootstrap-executor-0] c.n.d.s.r.aws.ConfigClusterResolver      : Resolving eureka endpoints via configuration
2024-05-08 12:30:46.768  INFO 28916 --- [restartedMain] c.h.u.UserMicroServiceApplication        : Starting UserMicroServiceApplication using Java 17.0.1 on LP-5CD134JB51 with PID 28916 (C:\JavaPractice\MicroServiceWS\UserMicroService\target\classes started by aaki.bhoomika in C:\JavaPractice\MicroServiceWS\UserMicroService)
2024-05-08 12:30:46.770  INFO 28916 --- [restartedMain] c.h.u.UserMicroServiceApplication        : No active profile set, falling back to 1 default profile: "default"
2024-05-08 12:30:46.822  INFO 28916 --- [restartedMain] o.s.c.c.c.ConfigServerConfigDataLoader   : Fetching config from server at : http://localhost:8081
2024-05-08 12:30:46.822  INFO 28916 --- [restartedMain] o.s.c.c.c.ConfigServerConfigDataLoader   : Located environment: name=user-ms, profiles=[default], label=null, version=null, state=null
2024-05-08 12:30:46.824  INFO 28916 --- [restartedMain] .e.DevToolsPropertyDefaultsPostProcessor : Devtools property defaults active! Set 'spring.devtools.add-properties' to 'false' to disable
2024-05-08 12:30:46.825  INFO 28916 --- [restartedMain] .e.DevToolsPropertyDefaultsPostProcessor : For additional web related logging consider setting the 'logging.level.web' property to 'DEBUG'
2024-05-08 12:30:48.372  INFO 28916 --- [restartedMain] .s.d.r.c.RepositoryConfigurationDelegate : Bootstrapping Spring Data JPA repositories in DEFAULT mode.
2024-05-08 12:30:48.590  INFO 28916 --- [restartedMain] .s.d.r.c.RepositoryConfigurationDelegate : Finished Spring Data repository scanning in 200 ms. Found 2 JPA repository interfaces.
2024-05-08 12:30:49.095  INFO 28916 --- [restartedMain] o.s.cloud.context.scope.GenericScope     : BeanFactory id=888d7869-bea9-3296-b74f-7f73b1e728c7
2024-05-08 12:30:50.304  INFO 28916 --- [restartedMain] o.s.b.w.embedded.tomcat.TomcatWebServer  : Tomcat initialized with port(s): 8084 (http)
2024-05-08 12:30:50.324  INFO 28916 --- [restartedMain] o.apache.catalina.core.StandardService   : Starting service [Tomcat]
2024-05-08 12:30:50.326  INFO 28916 --- [restartedMain] org.apache.catalina.core.StandardEngine  : Starting Servlet engine: [Apache Tomcat/9.0.70]
2024-05-08 12:30:51.295  INFO 28916 --- [restartedMain] o.a.c.c.C.[Tomcat].[localhost].[/]       : Initializing Spring embedded WebApplicationContext
2024-05-08 12:30:51.296  INFO 28916 --- [restartedMain] w.s.c.ServletWebServerApplicationContext : Root WebApplicationContext: initialization completed in 4471 ms
2024-05-08 12:30:51.483  INFO 28916 --- [restartedMain] com.zaxxer.hikari.HikariDataSource       : HikariPool-1 - Starting...
2024-05-08 12:30:51.945  INFO 28916 --- [restartedMain] com.zaxxer.hikari.HikariDataSource       : HikariPool-1 - Start completed.
2024-05-08 12:30:51.964  INFO 28916 --- [restartedMain] o.s.b.a.h2.H2ConsoleAutoConfiguration    : H2 console available at '/h2-console'. Database available at 'jdbc:mysql://localhost:3306/Share_ride_db'
2024-05-08 12:30:52.381  INFO 28916 --- [restartedMain] o.hibernate.jpa.internal.util.LogHelper  : HHH000204: Processing PersistenceUnitInfo [name: default]
2024-05-08 12:30:52.466  INFO 28916 --- [restartedMain] org.hibernate.Version                    : HHH000412: Hibernate ORM core version 5.6.14.Final
2024-05-08 12:30:52.699  INFO 28916 --- [restartedMain] o.hibernate.annotations.common.Version   : HCANN000001: Hibernate Commons Annotations {5.1.2.Final}
2024-05-08 12:30:52.854  INFO 28916 --- [restartedMain] org.hibernate.dialect.Dialect            : HHH000400: Using dialect: org.hibernate.dialect.MySQL8Dialect
2024-05-08 12:30:53.591  INFO 28916 --- [restartedMain] o.h.e.t.j.p.i.JtaPlatformInitiator       : HHH000490: Using JtaPlatform implementation: [org.hibernate.engine.transaction.jta.platform.internal.NoJtaPlatform]
2024-05-08 12:30:53.601  INFO 28916 --- [restartedMain] j.LocalContainerEntityManagerFactoryBean : Initialized JPA EntityManagerFactory for persistence unit 'default'
2024-05-08 12:30:53.675  WARN 28916 --- [restartedMain] JpaBaseConfiguration$JpaWebConfiguration : spring.jpa.open-in-view is enabled by default. Therefore, database queries may be performed during view rendering. Explicitly configure spring.jpa.open-in-view to disable this warning
2024-05-08 12:30:55.362  INFO 28916 --- [restartedMain] o.s.b.a.e.web.EndpointLinksResolver      : Exposing 17 endpoint(s) beneath base path '/actuator'
2024-05-08 12:30:55.638  WARN 28916 --- [restartedMain] o.s.s.c.a.web.builders.WebSecurity       : You are asking Spring Security to ignore Ant [pattern='/h2-console/**']. This is not recommended -- please use permitAll via HttpSecurity#authorizeHttpRequests instead.
2024-05-08 12:30:55.640  INFO 28916 --- [restartedMain] o.s.s.web.DefaultSecurityFilterChain     : Will not secure Ant [pattern='/h2-console/**']
2024-05-08 12:30:55.715  INFO 28916 --- [restartedMain] o.s.s.web.DefaultSecurityFilterChain     : Will secure any request with [org.springframework.security.web.session.DisableEncodeUrlFilter@21d8303b, org.springframework.security.web.context.request.async.WebAsyncManagerIntegrationFilter@143d5b4, org.springframework.security.web.context.SecurityContextPersistenceFilter@4728afa6, org.springframework.security.web.header.HeaderWriterFilter@7737f1a, org.springframework.security.web.authentication.logout.LogoutFilter@29ecfc76, com.hcl.usermicroservice.filter.JwtFilter@2f42f261, org.springframework.security.web.savedrequest.RequestCacheAwareFilter@22414158, org.springframework.security.web.servletapi.SecurityContextHolderAwareRequestFilter@166c60cf, org.springframework.security.web.authentication.AnonymousAuthenticationFilter@2b3c7cd8, org.springframework.security.web.session.SessionManagementFilter@4655d9c2, org.springframework.security.web.access.ExceptionTranslationFilter@6e00b585, org.springframework.security.web.access.intercept.FilterSecurityInterceptor@4fb430d3]
2024-05-08 12:30:55.941  WARN 28916 --- [restartedMain] o.s.b.d.a.OptionalLiveReloadServer       : Unable to start LiveReload server
2024-05-08 12:30:56.824  INFO 28916 --- [restartedMain] DiscoveryClientOptionalArgsConfiguration : Eureka HTTP Client uses RestTemplate.
2024-05-08 12:30:56.893  WARN 28916 --- [restartedMain] iguration$LoadBalancerCaffeineWarnLogger : Spring Cloud LoadBalancer is currently working with the default cache. While this cache implementation is useful for development and tests, it's recommended to use Caffeine cache in production.You can switch to using Caffeine cache, by adding it and org.springframework.cache.caffeine.CaffeineCacheManager to the classpath.
2024-05-08 12:30:57.026  INFO 28916 --- [restartedMain] o.s.c.n.eureka.InstanceInfoFactory       : Setting initial instance status as: STARTING
2024-05-08 12:30:57.099  INFO 28916 --- [restartedMain] com.netflix.discovery.DiscoveryClient    : Initializing Eureka in region us-east-1
2024-05-08 12:30:57.110  INFO 28916 --- [restartedMain] c.n.d.s.r.aws.ConfigClusterResolver      : Resolving eureka endpoints via configuration
2024-05-08 12:30:57.157  INFO 28916 --- [restartedMain] com.netflix.discovery.DiscoveryClient    : Disable delta property : false
2024-05-08 12:30:57.158  INFO 28916 --- [restartedMain] com.netflix.discovery.DiscoveryClient    : Single vip registry refresh property : null
2024-05-08 12:30:57.158  INFO 28916 --- [restartedMain] com.netflix.discovery.DiscoveryClient    : Force full registry fetch : false
2024-05-08 12:30:57.159  INFO 28916 --- [restartedMain] com.netflix.discovery.DiscoveryClient    : Application is null : false
2024-05-08 12:30:57.159  INFO 28916 --- [restartedMain] com.netflix.discovery.DiscoveryClient    : Registered Applications size is zero : true
2024-05-08 12:30:57.159  INFO 28916 --- [restartedMain] com.netflix.discovery.DiscoveryClient    : Application version is -1: true
2024-05-08 12:30:57.159  INFO 28916 --- [restartedMain] com.netflix.discovery.DiscoveryClient    : Getting all instance registry info from the eureka server
2024-05-08 12:30:57.381  INFO 28916 --- [restartedMain] com.netflix.discovery.DiscoveryClient    : The response status is 200
2024-05-08 12:30:57.385  INFO 28916 --- [restartedMain] com.netflix.discovery.DiscoveryClient    : Starting heartbeat executor: renew interval is: 30
2024-05-08 12:30:57.388  INFO 28916 --- [restartedMain] c.n.discovery.InstanceInfoReplicator     : InstanceInfoReplicator onDemand update allowed rate per min is 4
2024-05-08 12:30:57.393  INFO 28916 --- [restartedMain] com.netflix.discovery.DiscoveryClient    : Discovery Client initialized at timestamp 1715151657393 with initial instances count: 1
2024-05-08 12:30:57.395  INFO 28916 --- [restartedMain] o.s.c.n.e.s.EurekaServiceRegistry        : Registering application USER-MS with eureka with status UP
2024-05-08 12:30:57.396  INFO 28916 --- [restartedMain] com.netflix.discovery.DiscoveryClient    : Saw local status change event StatusChangeEvent [timestamp=1715151657396, current=UP, previous=STARTING]
2024-05-08 12:30:57.399  INFO 28916 --- [DiscoveryClient-InstanceInfoReplicator-0] com.netflix.discovery.DiscoveryClient    : DiscoveryClient_USER-MS/LP-5CD134JB51.HCLT.CORP.HCL.IN:user-ms:8084: registering service...
2024-05-08 12:30:57.456  INFO 28916 --- [DiscoveryClient-InstanceInfoReplicator-0] com.netflix.discovery.DiscoveryClient    : DiscoveryClient_USER-MS/LP-5CD134JB51.HCLT.CORP.HCL.IN:user-ms:8084 - registration status: 204
2024-05-08 12:30:57.464  INFO 28916 --- [restartedMain] o.s.b.w.embedded.tomcat.TomcatWebServer  : Tomcat started on port(s): 8084 (http) with context path ''
2024-05-08 12:30:57.465  INFO 28916 --- [restartedMain] .s.c.n.e.s.EurekaAutoServiceRegistration : Updating port to 8084
2024-05-08 12:30:57.982  INFO 28916 --- [restartedMain] c.h.u.UserMicroServiceApplication        : Started UserMicroServiceApplication in 12.249 seconds (JVM running for 14.434)
2024-05-08 12:31:04.523  INFO 28916 --- [http-nio-8084-exec-1] o.a.c.c.C.[Tomcat].[localhost].[/]       : Initializing Spring DispatcherServlet 'dispatcherServlet'
2024-05-08 12:31:04.523  INFO 28916 --- [http-nio-8084-exec-1] o.s.web.servlet.DispatcherServlet        : Initializing Servlet 'dispatcherServlet'
2024-05-08 12:31:04.525  INFO 28916 --- [http-nio-8084-exec-1] o.s.web.servlet.DispatcherServlet        : Completed initialization in 1 ms
2024-05-08 12:35:57.166  INFO 28916 --- [AsyncResolver-bootstrap-executor-0] c.n.d.s.r.aws.ConfigClusterResolver      : Resolving eureka endpoints via configuration
2024-05-08 12:40:57.176  INFO 28916 --- [AsyncResolver-bootstrap-executor-0] c.n.d.s.r.aws.ConfigClusterResolver      : Resolving eureka endpoints via configuration
2024-05-08 12:45:57.188  INFO 28916 --- [AsyncResolver-bootstrap-executor-0] c.n.d.s.r.aws.ConfigClusterResolver      : Resolving eureka endpoints via configuration
2024-05-08 12:50:57.207  INFO 28916 --- [AsyncResolver-bootstrap-executor-0] c.n.d.s.r.aws.ConfigClusterResolver      : Resolving eureka endpoints via configuration
2024-05-08 12:55:57.225  INFO 28916 --- [AsyncResolver-bootstrap-executor-0] c.n.d.s.r.aws.ConfigClusterResolver      : Resolving eureka endpoints via configuration
2024-05-08 13:00:57.228  INFO 28916 --- [AsyncResolver-bootstrap-executor-0] c.n.d.s.r.aws.ConfigClusterResolver      : Resolving eureka endpoints via configuration
2024-05-08 13:05:57.235  INFO 28916 --- [AsyncResolver-bootstrap-executor-0] c.n.d.s.r.aws.ConfigClusterResolver      : Resolving eureka endpoints via configuration
2024-05-08 13:10:57.240  INFO 28916 --- [AsyncResolver-bootstrap-executor-0] c.n.d.s.r.aws.ConfigClusterResolver      : Resolving eureka endpoints via configuration
2024-05-08 13:15:57.250  INFO 28916 --- [AsyncResolver-bootstrap-executor-0] c.n.d.s.r.aws.ConfigClusterResolver      : Resolving eureka endpoints via configuration
2024-05-08 13:20:57.262  INFO 28916 --- [AsyncResolver-bootstrap-executor-0] c.n.d.s.r.aws.ConfigClusterResolver      : Resolving eureka endpoints via configuration
2024-05-08 13:25:57.277  INFO 28916 --- [AsyncResolver-bootstrap-executor-0] c.n.d.s.r.aws.ConfigClusterResolver      : Resolving eureka endpoints via configuration
2024-05-08 13:30:57.286  INFO 28916 --- [AsyncResolver-bootstrap-executor-0] c.n.d.s.r.aws.ConfigClusterResolver      : Resolving eureka endpoints via configuration
2024-05-08 13:35:57.299  INFO 28916 --- [AsyncResolver-bootstrap-executor-0] c.n.d.s.r.aws.ConfigClusterResolver      : Resolving eureka endpoints via configuration
2024-05-08 13:40:57.308  INFO 28916 --- [AsyncResolver-bootstrap-executor-0] c.n.d.s.r.aws.ConfigClusterResolver      : Resolving eureka endpoints via configuration
2024-05-08 13:45:57.316  INFO 28916 --- [AsyncResolver-bootstrap-executor-0] c.n.d.s.r.aws.ConfigClusterResolver      : Resolving eureka endpoints via configuration
2024-05-08 13:50:57.321  INFO 28916 --- [AsyncResolver-bootstrap-executor-0] c.n.d.s.r.aws.ConfigClusterResolver      : Resolving eureka endpoints via configuration
2024-05-08 13:55:57.334  INFO 28916 --- [AsyncResolver-bootstrap-executor-0] c.n.d.s.r.aws.ConfigClusterResolver      : Resolving eureka endpoints via configuration
2024-05-08 14:00:57.342  INFO 28916 --- [AsyncResolver-bootstrap-executor-0] c.n.d.s.r.aws.ConfigClusterResolver      : Resolving eureka endpoints via configuration
2024-05-08 14:05:57.354  INFO 28916 --- [AsyncResolver-bootstrap-executor-0] c.n.d.s.r.aws.ConfigClusterResolver      : Resolving eureka endpoints via configuration
2024-05-08 14:06:06.885  WARN 28916 --- [http-nio-8084-exec-3] o.a.c.util.SessionIdGeneratorBase        : Creation of SecureRandom instance for session ID generation using [SHA1PRNG] took [107] milliseconds.
2024-05-08 14:10:57.362  INFO 28916 --- [AsyncResolver-bootstrap-executor-0] c.n.d.s.r.aws.ConfigClusterResolver      : Resolving eureka endpoints via configuration
2024-05-08 14:15:57.363  INFO 28916 --- [AsyncResolver-bootstrap-executor-0] c.n.d.s.r.aws.ConfigClusterResolver      : Resolving eureka endpoints via configuration
2024-05-08 14:20:57.373  INFO 28916 --- [AsyncResolver-bootstrap-executor-0] c.n.d.s.r.aws.ConfigClusterResolver      : Resolving eureka endpoints via configuration
2024-05-08 14:25:57.384  INFO 28916 --- [AsyncResolver-bootstrap-executor-0] c.n.d.s.r.aws.ConfigClusterResolver      : Resolving eureka endpoints via configuration
2024-05-08 14:30:57.397  INFO 28916 --- [AsyncResolver-bootstrap-executor-0] c.n.d.s.r.aws.ConfigClusterResolver      : Resolving eureka endpoints via configuration
2024-05-08 14:35:57.412  INFO 28916 --- [AsyncResolver-bootstrap-executor-0] c.n.d.s.r.aws.ConfigClusterResolver      : Resolving eureka endpoints via configuration
2024-05-08 14:40:57.418  INFO 28916 --- [AsyncResolver-bootstrap-executor-0] c.n.d.s.r.aws.ConfigClusterResolver      : Resolving eureka endpoints via configuration
2024-05-08 14:45:57.419  INFO 28916 --- [AsyncResolver-bootstrap-executor-0] c.n.d.s.r.aws.ConfigClusterResolver      : Resolving eureka endpoints via configuration
2024-05-08 14:50:57.433  INFO 28916 --- [AsyncResolver-bootstrap-executor-0] c.n.d.s.r.aws.ConfigClusterResolver      : Resolving eureka endpoints via configuration
2024-05-08 14:55:57.447  INFO 28916 --- [AsyncResolver-bootstrap-executor-0] c.n.d.s.r.aws.ConfigClusterResolver      : Resolving eureka endpoints via configuration
2024-05-08 15:00:57.457  INFO 28916 --- [AsyncResolver-bootstrap-executor-0] c.n.d.s.r.aws.ConfigClusterResolver      : Resolving eureka endpoints via configuration
2024-05-08 15:05:57.467  INFO 28916 --- [AsyncResolver-bootstrap-executor-0] c.n.d.s.r.aws.ConfigClusterResolver      : Resolving eureka endpoints via configuration
2024-05-08 15:10:57.482  INFO 28916 --- [AsyncResolver-bootstrap-executor-0] c.n.d.s.r.aws.ConfigClusterResolver      : Resolving eureka endpoints via configuration
2024-05-08 15:15:57.491  INFO 28916 --- [AsyncResolver-bootstrap-executor-0] c.n.d.s.r.aws.ConfigClusterResolver      : Resolving eureka endpoints via configuration
2024-05-08 15:20:57.493  INFO 28916 --- [AsyncResolver-bootstrap-executor-0] c.n.d.s.r.aws.ConfigClusterResolver      : Resolving eureka endpoints via configuration
2024-05-08 15:25:57.509  INFO 28916 --- [AsyncResolver-bootstrap-executor-0] c.n.d.s.r.aws.ConfigClusterResolver      : Resolving eureka endpoints via configuration
2024-05-08 15:30:57.517  INFO 28916 --- [AsyncResolver-bootstrap-executor-0] c.n.d.s.r.aws.ConfigClusterResolver      : Resolving eureka endpoints via configuration
2024-05-08 15:35:57.528  INFO 28916 --- [AsyncResolver-bootstrap-executor-0] c.n.d.s.r.aws.ConfigClusterResolver      : Resolving eureka endpoints via configuration
2024-05-08 15:40:57.544  INFO 28916 --- [AsyncResolver-bootstrap-executor-0] c.n.d.s.r.aws.ConfigClusterResolver      : Resolving eureka endpoints via configuration
2024-05-08 15:45:57.554  INFO 28916 --- [AsyncResolver-bootstrap-executor-0] c.n.d.s.r.aws.ConfigClusterResolver      : Resolving eureka endpoints via configuration
2024-05-08 15:50:57.561  INFO 28916 --- [AsyncResolver-bootstrap-executor-0] c.n.d.s.r.aws.ConfigClusterResolver      : Resolving eureka endpoints via configuration
2024-05-08 15:55:57.563  INFO 28916 --- [AsyncResolver-bootstrap-executor-0] c.n.d.s.r.aws.ConfigClusterResolver      : Resolving eureka endpoints via configuration
2024-05-08 16:00:57.565  INFO 28916 --- [AsyncResolver-bootstrap-executor-0] c.n.d.s.r.aws.ConfigClusterResolver      : Resolving eureka endpoints via configuration
2024-05-08 16:05:57.573  INFO 28916 --- [AsyncResolver-bootstrap-executor-0] c.n.d.s.r.aws.ConfigClusterResolver      : Resolving eureka endpoints via configuration
2024-05-08 16:10:57.583  INFO 28916 --- [AsyncResolver-bootstrap-executor-0] c.n.d.s.r.aws.ConfigClusterResolver      : Resolving eureka endpoints via configuration
2024-05-08 16:15:57.594  INFO 28916 --- [AsyncResolver-bootstrap-executor-0] c.n.d.s.r.aws.ConfigClusterResolver      : Resolving eureka endpoints via configuration
2024-05-08 16:20:57.594  INFO 28916 --- [AsyncResolver-bootstrap-executor-0] c.n.d.s.r.aws.ConfigClusterResolver      : Resolving eureka endpoints via configuration
2024-05-08 16:25:57.595  INFO 28916 --- [AsyncResolver-bootstrap-executor-0] c.n.d.s.r.aws.ConfigClusterResolver      : Resolving eureka endpoints via configuration
2024-05-08 16:30:57.601  INFO 28916 --- [AsyncResolver-bootstrap-executor-0] c.n.d.s.r.aws.ConfigClusterResolver      : Resolving eureka endpoints via configuration
2024-05-08 16:35:57.612  INFO 28916 --- [AsyncResolver-bootstrap-executor-0] c.n.d.s.r.aws.ConfigClusterResolver      : Resolving eureka endpoints via configuration
2024-05-08 16:40:57.620  INFO 28916 --- [AsyncResolver-bootstrap-executor-0] c.n.d.s.r.aws.ConfigClusterResolver      : Resolving eureka endpoints via configuration
2024-05-08 16:45:57.634  INFO 28916 --- [AsyncResolver-bootstrap-executor-0] c.n.d.s.r.aws.ConfigClusterResolver      : Resolving eureka endpoints via configuration
2024-05-08 16:50:57.643  INFO 28916 --- [AsyncResolver-bootstrap-executor-0] c.n.d.s.r.aws.ConfigClusterResolver      : Resolving eureka endpoints via configuration
2024-05-08 16:55:57.653  INFO 28916 --- [AsyncResolver-bootstrap-executor-0] c.n.d.s.r.aws.ConfigClusterResolver      : Resolving eureka endpoints via configuration
2024-05-08 17:00:57.655  INFO 28916 --- [AsyncResolver-bootstrap-executor-0] c.n.d.s.r.aws.ConfigClusterResolver      : Resolving eureka endpoints via configuration
2024-05-08 17:05:57.669  INFO 28916 --- [AsyncResolver-bootstrap-executor-0] c.n.d.s.r.aws.ConfigClusterResolver      : Resolving eureka endpoints via configuration
2024-05-08 17:10:41.640  WARN 28916 --- [http-nio-8084-exec-7] .m.m.a.ExceptionHandlerExceptionResolver : Resolved [com.hcl.usermicroservice.exceptions.UserAlreadyExistOrNotException: User can't added through cloud because Already exist]
2024-05-08 17:10:57.671  INFO 28916 --- [AsyncResolver-bootstrap-executor-0] c.n.d.s.r.aws.ConfigClusterResolver      : Resolving eureka endpoints via configuration
2024-05-08 17:11:04.800  INFO 28916 --- [http-nio-8084-exec-8] c.h.u.controller.UserController          : user1Registered Successfully
2024-05-08 17:11:24.237  INFO 28916 --- [http-nio-8084-exec-2] c.h.u.controller.UserController          : user1 Logged in successfully
2024-05-08 17:12:21.009  INFO 28916 --- [http-nio-8084-exec-6] c.h.u.controller.UserController          : Vehicle Booking is Pending!!
2024-05-08 17:13:38.153  INFO 28916 --- [http-nio-8084-exec-1] c.h.u.controller.UserController          : Booking Cancelled Successfully
2024-05-08 17:14:03.569  WARN 28916 --- [http-nio-8084-exec-5] .m.m.a.ExceptionHandlerExceptionResolver : Resolved [com.hcl.usermicroservice.exceptions.VehicleAlreadyExistOrNotException: 109 not exist so can't ask query for this vehicle Owner Enter Correct vehicleId]
2024-05-08 17:15:57.672  INFO 28916 --- [AsyncResolver-bootstrap-executor-0] c.n.d.s.r.aws.ConfigClusterResolver      : Resolving eureka endpoints via configuration
2024-05-08 17:20:57.680  INFO 28916 --- [AsyncResolver-bootstrap-executor-0] c.n.d.s.r.aws.ConfigClusterResolver      : Resolving eureka endpoints via configuration
2024-05-08 17:25:57.687  INFO 28916 --- [AsyncResolver-bootstrap-executor-0] c.n.d.s.r.aws.ConfigClusterResolver      : Resolving eureka endpoints via configuration
2024-05-08 17:30:57.749  INFO 28916 --- [AsyncResolver-bootstrap-executor-0] c.n.d.s.r.aws.ConfigClusterResolver      : Resolving eureka endpoints via configuration
2024-05-08 17:35:57.763  INFO 28916 --- [AsyncResolver-bootstrap-executor-0] c.n.d.s.r.aws.ConfigClusterResolver      : Resolving eureka endpoints via configuration
2024-05-08 17:40:57.774  INFO 28916 --- [AsyncResolver-bootstrap-executor-0] c.n.d.s.r.aws.ConfigClusterResolver      : Resolving eureka endpoints via configuration
2024-05-08 17:45:57.781  INFO 28916 --- [AsyncResolver-bootstrap-executor-0] c.n.d.s.r.aws.ConfigClusterResolver      : Resolving eureka endpoints via configuration
2024-05-08 17:50:57.796  INFO 28916 --- [AsyncResolver-bootstrap-executor-0] c.n.d.s.r.aws.ConfigClusterResolver      : Resolving eureka endpoints via configuration
2024-05-08 17:55:57.803  INFO 28916 --- [AsyncResolver-bootstrap-executor-0] c.n.d.s.r.aws.ConfigClusterResolver      : Resolving eureka endpoints via configuration
2024-05-08 18:00:57.809  INFO 28916 --- [AsyncResolver-bootstrap-executor-0] c.n.d.s.r.aws.ConfigClusterResolver      : Resolving eureka endpoints via configuration
2024-05-08 18:05:57.809  INFO 28916 --- [AsyncResolver-bootstrap-executor-0] c.n.d.s.r.aws.ConfigClusterResolver      : Resolving eureka endpoints via configuration
2024-05-08 18:10:57.813  INFO 28916 --- [AsyncResolver-bootstrap-executor-0] c.n.d.s.r.aws.ConfigClusterResolver      : Resolving eureka endpoints via configuration
2024-05-08 18:15:57.815  INFO 28916 --- [AsyncResolver-bootstrap-executor-0] c.n.d.s.r.aws.ConfigClusterResolver      : Resolving eureka endpoints via configuration
